0 verbose cli C:\Program Files\nodejs\node.exe C:\Program Files\nodejs\node_modules\npm\bin\npm-cli.js
1 info using npm@11.6.2
2 info using node@v24.12.0
3 silly config load:file:C:\Program Files\nodejs\node_modules\npm\npmrc
4 silly config load:file:c:\Users\subha\OneDrive\Desktop\emperion\clean\emperion-backend\.npmrc
5 silly config load:file:C:\Users\subha\.npmrc
6 silly config load:file:C:\Users\subha\AppData\Roaming\npm\etc\npmrc
7 verbose title npm view @types/jsonwebtoken description dist-tags.latest homepage version time
8 verbose argv "view" "--json" "--" "@types/jsonwebtoken" "description" "dist-tags.latest" "homepage" "version" "time"
9 verbose logfile logs-max:10 dir:c:\Users\subha\OneDrive\Desktop\emperion\clean\emperion-backend\clean\_logs\2026-01-09T15_43_18_600Z-
10 verbose logfile c:\Users\subha\OneDrive\Desktop\emperion\clean\emperion-backend\clean\_logs\2026-01-09T15_43_18_600Z-debug-0.log
11 silly logfile start cleaning logs, removing 1 files
12 silly logfile done cleaning log files
13 http fetch GET 200 https://registry.npmjs.org/@types%2fjsonwebtoken 4002ms (cache revalidated)
14 verbose cwd c:\Users\subha\OneDrive\Desktop\emperion\clean\emperion-backend
15 verbose os Windows_NT 10.0.26100
16 verbose node v24.12.0
17 verbose npm  v11.6.2
18 verbose exit 0
19 info ok
