0 verbose cli C:\Program Files\nodejs\node.exe C:\Program Files\nodejs\node_modules\npm\bin\npm-cli.js
1 info using npm@11.6.2
2 info using node@v24.12.0
3 silly config load:file:C:\Program Files\nodejs\node_modules\npm\npmrc
4 silly config load:file:C:\Users\subha\OneDrive\Desktop\emperion\clean\emperion-backend\.npmrc
5 silly config load:file:C:\Users\subha\.npmrc
6 silly config load:file:C:\Users\subha\AppData\Roaming\npm\etc\npmrc
7 verbose title npm install
8 verbose argv "install"
9 verbose logfile logs-max:10 dir:C:\Users\subha\OneDrive\Desktop\emperion\clean\emperion-backend\clean\_logs\2026-01-09T19_45_12_045Z-
10 verbose logfile C:\Users\subha\OneDrive\Desktop\emperion\clean\emperion-backend\clean\_logs\2026-01-09T19_45_12_045Z-debug-0.log
11 silly logfile start cleaning logs, removing 1 files
12 silly packumentCache heap:2348810240 maxSize:587202560 maxEntrySize:293601280
13 silly logfile done cleaning log files
14 silly idealTree buildDeps
15 warn EBADENGINE Unsupported engine {
15 warn EBADENGINE   package: 'emperion-backend@1.0.0',
15 warn EBADENGINE   required: { node: '18.x' },
15 warn EBADENGINE   current: { node: 'v24.12.0', npm: '11.6.2' }
15 warn EBADENGINE }
16 silly reify moves {}
17 silly audit bulk request {
17 silly audit   '@cspotcode/source-map-support': [ '0.8.1' ],
17 silly audit   '@jridgewell/resolve-uri': [ '3.1.2' ],
17 silly audit   '@jridgewell/sourcemap-codec': [ '1.5.5' ],
17 silly audit   '@jridgewell/trace-mapping': [ '0.3.9' ],
17 silly audit   '@mongodb-js/saslprep': [ '1.4.4' ],
17 silly audit   '@tsconfig/node10': [ '1.0.12' ],
17 silly audit   '@tsconfig/node12': [ '1.0.11' ],
17 silly audit   '@tsconfig/node14': [ '1.0.3' ],
17 silly audit   '@tsconfig/node16': [ '1.0.4' ],
17 silly audit   '@types/bcryptjs': [ '2.4.6' ],
17 silly audit   '@types/body-parser': [ '1.19.6' ],
17 silly audit   '@types/connect': [ '3.4.38' ],
17 silly audit   '@types/cors': [ '2.8.19' ],
17 silly audit   '@types/express': [ '4.17.25' ],
17 silly audit   '@types/express-serve-static-core': [ '4.19.7' ],
17 silly audit   '@types/http-errors': [ '2.0.5' ],
17 silly audit   '@types/jsonwebtoken': [ '9.0.10' ],
17 silly audit   '@types/mime': [ '1.3.5' ],
17 silly audit   '@types/ms': [ '2.1.0' ],
17 silly audit   '@types/multer': [ '2.0.0' ],
17 silly audit   '@types/node': [ '20.19.27' ],
17 silly audit   '@types/qs': [ '6.14.0' ],
17 silly audit   '@types/range-parser': [ '1.2.7' ],
17 silly audit   '@types/send': [ '1.2.1', '0.17.6' ],
17 silly audit   '@types/serve-static': [ '1.15.10' ],
17 silly audit   '@types/strip-bom': [ '3.0.0' ],
17 silly audit   '@types/strip-json-comments': [ '0.0.30' ],
17 silly audit   '@types/webidl-conversions': [ '7.0.3' ],
17 silly audit   '@types/whatwg-url': [ '11.0.5' ],
17 silly audit   accepts: [ '1.3.8' ],
17 silly audit   acorn: [ '8.15.0' ],
17 silly audit   'acorn-walk': [ '8.3.4' ],
17 silly audit   anymatch: [ '3.1.3' ],
17 silly audit   'append-field': [ '1.0.0' ],
17 silly audit   arg: [ '4.1.3' ],
17 silly audit   'array-flatten': [ '1.1.1' ],
17 silly audit   'balanced-match': [ '1.0.2' ],
17 silly audit   bcryptjs: [ '3.0.3' ],
17 silly audit   'binary-extensions': [ '2.3.0' ],
17 silly audit   'body-parser': [ '1.20.4' ],
17 silly audit   'brace-expansion': [ '1.1.12' ],
17 silly audit   braces: [ '3.0.3' ],
17 silly audit   bson: [ '6.10.4' ],
17 silly audit   'buffer-equal-constant-time': [ '1.0.1' ],
17 silly audit   'buffer-from': [ '1.1.2' ],
17 silly audit   busboy: [ '1.6.0' ],
17 silly audit   bytes: [ '3.1.2' ],
17 silly audit   'call-bind-apply-helpers': [ '1.0.2' ],
17 silly audit   'call-bound': [ '1.0.4' ],
17 silly audit   chokidar: [ '3.6.0' ],
17 silly audit   'concat-map': [ '0.0.1' ],
17 silly audit   'concat-stream': [ '2.0.0' ],
17 silly audit   'content-disposition': [ '0.5.4' ],
17 silly audit   'content-type': [ '1.0.5' ],
17 silly audit   cookie: [ '0.7.2' ],
17 silly audit   'cookie-signature': [ '1.0.7' ],
17 silly audit   cors: [ '2.8.5' ],
17 silly audit   'create-require': [ '1.1.1' ],
17 silly audit   debug: [ '2.6.9', '4.4.3' ],
17 silly audit   depd: [ '2.0.0' ],
17 silly audit   destroy: [ '1.2.0' ],
17 silly audit   diff: [ '4.0.2' ],
17 silly audit   dotenv: [ '16.6.1' ],
17 silly audit   'dunder-proto': [ '1.0.1' ],
17 silly audit   'dynamic-dedupe': [ '0.3.0' ],
17 silly audit   'ecdsa-sig-formatter': [ '1.0.11' ],
17 silly audit   'ee-first': [ '1.1.1' ],
17 silly audit   encodeurl: [ '2.0.0' ],
17 silly audit   'es-define-property': [ '1.0.1' ],
17 silly audit   'es-errors': [ '1.3.0' ],
17 silly audit   'es-object-atoms': [ '1.1.1' ],
17 silly audit   'escape-html': [ '1.0.3' ],
17 silly audit   etag: [ '1.8.1' ],
17 silly audit   express: [ '4.22.1' ],
17 silly audit   'fill-range': [ '7.1.1' ],
17 silly audit   finalhandler: [ '1.3.2' ],
17 silly audit   forwarded: [ '0.2.0' ],
17 silly audit   fresh: [ '0.5.2' ],
17 silly audit   'fs.realpath': [ '1.0.0' ],
17 silly audit   fsevents: [ '2.3.3' ],
17 silly audit   'function-bind': [ '1.1.2' ],
17 silly audit   'get-intrinsic': [ '1.3.0' ],
17 silly audit   'get-proto': [ '1.0.1' ],
17 silly audit   glob: [ '7.2.3' ],
17 silly audit   'glob-parent': [ '5.1.2' ],
17 silly audit   gopd: [ '1.2.0' ],
17 silly audit   'has-symbols': [ '1.1.0' ],
17 silly audit   hasown: [ '2.0.2' ],
17 silly audit   'http-errors': [ '2.0.1' ],
17 silly audit   'iconv-lite': [ '0.4.24' ],
17 silly audit   inflight: [ '1.0.6' ],
17 silly audit   inherits: [ '2.0.4' ],
17 silly audit   'ipaddr.js': [ '1.9.1' ],
17 silly audit   'is-binary-path': [ '2.1.0' ],
17 silly audit   'is-core-module': [ '2.16.1' ],
17 silly audit   'is-extglob': [ '2.1.1' ],
17 silly audit   'is-glob': [ '4.0.3' ],
17 silly audit   'is-number': [ '7.0.0' ],
17 silly audit   jsonwebtoken: [ '9.0.3' ],
17 silly audit   ms: [ '2.1.3', '2.0.0' ],
17 silly audit   jwa: [ '2.0.1' ],
17 silly audit   jws: [ '4.0.1' ],
17 silly audit   kareem: [ '2.6.3' ],
17 silly audit   'lodash.includes': [ '4.3.0' ],
17 silly audit   'lodash.isboolean': [ '3.0.3' ],
17 silly audit   'lodash.isinteger': [ '4.0.4' ],
17 silly audit   'lodash.isnumber': [ '3.0.3' ],
17 silly audit   'lodash.isplainobject': [ '4.0.6' ],
17 silly audit   'lodash.isstring': [ '4.0.1' ],
17 silly audit   'lodash.once': [ '4.1.1' ],
17 silly audit   'make-error': [ '1.3.6' ],
17 silly audit   'math-intrinsics': [ '1.1.0' ],
17 silly audit   'media-typer': [ '0.3.0' ],
17 silly audit   'memory-pager': [ '1.5.0' ],
17 silly audit   'merge-descriptors': [ '1.0.3' ],
17 silly audit   methods: [ '1.1.2' ],
17 silly audit   mime: [ '1.6.0' ],
17 silly audit   'mime-db': [ '1.52.0' ],
17 silly audit   'mime-types': [ '2.1.35' ],
17 silly audit   minimatch: [ '3.1.2' ],
17 silly audit   minimist: [ '1.2.8' ],
17 silly audit   mkdirp: [ '0.5.6', '1.0.4' ],
17 silly audit   mongodb: [ '6.20.0' ],
17 silly audit   'mongodb-connection-string-url': [ '3.0.2' ],
17 silly audit   mongoose: [ '8.21.0' ],
17 silly audit   mpath: [ '0.9.0' ],
17 silly audit   mquery: [ '5.0.0' ],
17 silly audit   multer: [ '2.0.2' ],
17 silly audit   negotiator: [ '0.6.3' ],
17 silly audit   'normalize-path': [ '3.0.0' ],
17 silly audit   'object-assign': [ '4.1.1' ],
17 silly audit   'object-inspect': [ '1.13.4' ],
17 silly audit   'on-finished': [ '2.4.1' ],
17 silly audit   once: [ '1.4.0' ],
17 silly audit   parseurl: [ '1.3.3' ],
17 silly audit   'path-is-absolute': [ '1.0.1' ],
17 silly audit   'path-parse': [ '1.0.7' ],
17 silly audit   'path-to-regexp': [ '0.1.12' ],
17 silly audit   picomatch: [ '2.3.1' ],
17 silly audit   'proxy-addr': [ '2.0.7' ],
17 silly audit   punycode: [ '2.3.1' ],
17 silly audit   qs: [ '6.14.1' ],
17 silly audit   'range-parser': [ '1.2.1' ],
17 silly audit   'raw-body': [ '2.5.3' ],
17 silly audit   'readable-stream': [ '3.6.2' ],
17 silly audit   readdirp: [ '3.6.0' ],
17 silly audit   resolve: [ '1.22.11' ],
17 silly audit   rimraf: [ '2.7.1' ],
17 silly audit   'safe-buffer': [ '5.2.1' ],
17 silly audit   'safer-buffer': [ '2.1.2' ],
17 silly audit   semver: [ '7.7.3' ],
17 silly audit   send: [ '0.19.2' ],
17 silly audit   'serve-static': [ '1.16.3' ],
17 silly audit   setprototypeof: [ '1.2.0' ],
17 silly audit   'side-channel': [ '1.1.0' ],
17 silly audit   'side-channel-list': [ '1.0.0' ],
17 silly audit   'side-channel-map': [ '1.0.1' ],
17 silly audit   'side-channel-weakmap': [ '1.0.2' ],
17 silly audit   sift: [ '17.1.3' ],
17 silly audit   'source-map': [ '0.6.1' ],
17 silly audit   'source-map-support': [ '0.5.21' ],
17 silly audit   'sparse-bitfield': [ '3.0.3' ],
17 silly audit   statuses: [ '2.0.2' ],
17 silly audit   streamsearch: [ '1.1.0' ],
17 silly audit   string_decoder: [ '1.3.0' ],
17 silly audit   'strip-bom': [ '3.0.0' ],
17 silly audit   'strip-json-comments': [ '2.0.1' ],
17 silly audit   'supports-preserve-symlinks-flag': [ '1.0.0' ],
17 silly audit   'to-regex-range': [ '5.0.1' ],
17 silly audit   toidentifier: [ '1.0.1' ],
17 silly audit   tr46: [ '5.1.1' ],
17 silly audit   'tree-kill': [ '1.2.2' ],
17 silly audit   'ts-node': [ '10.9.2' ],
17 silly audit   'ts-node-dev': [ '2.0.0' ],
17 silly audit   tsconfig: [ '7.0.0' ],
17 silly audit   'type-is': [ '1.6.18' ],
17 silly audit   typedarray: [ '0.0.6' ],
17 silly audit   typescript: [ '5.9.3' ],
17 silly audit   'undici-types': [ '6.21.0' ],
17 silly audit   unpipe: [ '1.0.0' ],
17 silly audit   'util-deprecate': [ '1.0.2' ],
17 silly audit   'utils-merge': [ '1.0.1' ],
17 silly audit   'v8-compile-cache-lib': [ '3.0.1' ],
17 silly audit   vary: [ '1.1.2' ],
17 silly audit   'webidl-conversions': [ '7.0.0' ],
17 silly audit   'whatwg-url': [ '14.2.0' ],
17 silly audit   wrappy: [ '1.0.2' ],
17 silly audit   xtend: [ '4.0.2' ],
17 silly audit   yn: [ '3.1.1' ]
17 silly audit }
18 http cache wrappy@https://registry.npmjs.org/wrappy/-/wrappy-1.0.2.tgz 1ms (cache hit)
19 http cache yn@https://registry.npmjs.org/yn/-/yn-3.1.1.tgz 0ms (cache hit)
20 http cache xtend@https://registry.npmjs.org/xtend/-/xtend-4.0.2.tgz 0ms (cache hit)
21 http cache vary@https://registry.npmjs.org/vary/-/vary-1.1.2.tgz 0ms (cache hit)
22 http cache whatwg-url@https://registry.npmjs.org/whatwg-url/-/whatwg-url-14.2.0.tgz 0ms (cache hit)
23 http cache webidl-conversions@https://registry.npmjs.org/webidl-conversions/-/webidl-conversions-7.0.0.tgz 0ms (cache hit)
24 http cache util-deprecate@https://registry.npmjs.org/util-deprecate/-/util-deprecate-1.0.2.tgz 0ms (cache hit)
25 http cache v8-compile-cache-lib@https://registry.npmjs.org/v8-compile-cache-lib/-/v8-compile-cache-lib-3.0.1.tgz 0ms (cache hit)
26 http cache utils-merge@https://registry.npmjs.org/utils-merge/-/utils-merge-1.0.1.tgz 0ms (cache hit)
27 http cache unpipe@https://registry.npmjs.org/unpipe/-/unpipe-1.0.0.tgz 0ms (cache hit)
28 http cache undici-types@https://registry.npmjs.org/undici-types/-/undici-types-6.21.0.tgz 0ms (cache hit)
29 http cache typedarray@https://registry.npmjs.org/typedarray/-/typedarray-0.0.6.tgz 0ms (cache hit)
30 http cache type-is@https://registry.npmjs.org/type-is/-/type-is-1.6.18.tgz 0ms (cache hit)
31 http cache ts-node@https://registry.npmjs.org/ts-node/-/ts-node-10.9.2.tgz 0ms (cache hit)
32 http cache typescript@https://registry.npmjs.org/typescript/-/typescript-5.9.3.tgz 0ms (cache hit)
33 http cache tsconfig@https://registry.npmjs.org/tsconfig/-/tsconfig-7.0.0.tgz 0ms (cache hit)
34 http cache tree-kill@https://registry.npmjs.org/tree-kill/-/tree-kill-1.2.2.tgz 0ms (cache hit)
35 http cache ts-node-dev@https://registry.npmjs.org/ts-node-dev/-/ts-node-dev-2.0.0.tgz 0ms (cache hit)
36 http cache tr46@https://registry.npmjs.org/tr46/-/tr46-5.1.1.tgz 0ms (cache hit)
37 http cache to-regex-range@https://registry.npmjs.org/to-regex-range/-/to-regex-range-5.0.1.tgz 0ms (cache hit)
38 http cache supports-preserve-symlinks-flag@https://registry.npmjs.org/supports-preserve-symlinks-flag/-/supports-preserve-symlinks-flag-1.0.0.tgz 0ms (cache hit)
39 http cache strip-bom@https://registry.npmjs.org/strip-bom/-/strip-bom-3.0.0.tgz 0ms (cache hit)
40 http cache toidentifier@https://registry.npmjs.org/toidentifier/-/toidentifier-1.0.1.tgz 0ms (cache hit)
41 http cache statuses@https://registry.npmjs.org/statuses/-/statuses-2.0.2.tgz 1ms (cache hit)
42 http cache streamsearch@https://registry.npmjs.org/streamsearch/-/streamsearch-1.1.0.tgz 0ms (cache hit)
43 http cache source-map-support@https://registry.npmjs.org/source-map-support/-/source-map-support-0.5.21.tgz 0ms (cache hit)
44 http cache strip-json-comments@https://registry.npmjs.org/strip-json-comments/-/strip-json-comments-2.0.1.tgz 0ms (cache hit)
45 http cache source-map@https://registry.npmjs.org/source-map/-/source-map-0.6.1.tgz 0ms (cache hit)
46 http cache string_decoder@https://registry.npmjs.org/string_decoder/-/string_decoder-1.3.0.tgz 0ms (cache hit)
47 http cache sparse-bitfield@https://registry.npmjs.org/sparse-bitfield/-/sparse-bitfield-3.0.3.tgz 0ms (cache hit)
48 http cache side-channel-map@https://registry.npmjs.org/side-channel-map/-/side-channel-map-1.0.1.tgz 0ms (cache hit)
49 http cache side-channel-weakmap@https://registry.npmjs.org/side-channel-weakmap/-/side-channel-weakmap-1.0.2.tgz 0ms (cache hit)
50 http cache side-channel-list@https://registry.npmjs.org/side-channel-list/-/side-channel-list-1.0.0.tgz 0ms (cache hit)
51 http cache setprototypeof@https://registry.npmjs.org/setprototypeof/-/setprototypeof-1.2.0.tgz 0ms (cache hit)
52 http cache serve-static@https://registry.npmjs.org/serve-static/-/serve-static-1.16.3.tgz 0ms (cache hit)
53 http cache send@https://registry.npmjs.org/send/-/send-0.19.2.tgz 0ms (cache hit)
54 http cache sift@https://registry.npmjs.org/sift/-/sift-17.1.3.tgz 0ms (cache hit)
55 http cache side-channel@https://registry.npmjs.org/side-channel/-/side-channel-1.1.0.tgz 0ms (cache hit)
56 http cache safe-buffer@https://registry.npmjs.org/safe-buffer/-/safe-buffer-5.2.1.tgz 0ms (cache hit)
57 http cache semver@https://registry.npmjs.org/semver/-/semver-7.7.3.tgz 0ms (cache hit)
58 http cache readdirp@https://registry.npmjs.org/readdirp/-/readdirp-3.6.0.tgz 0ms (cache hit)
59 http cache rimraf@https://registry.npmjs.org/rimraf/-/rimraf-2.7.1.tgz 0ms (cache hit)
60 http cache resolve@https://registry.npmjs.org/resolve/-/resolve-1.22.11.tgz 0ms (cache hit)
61 http cache range-parser@https://registry.npmjs.org/range-parser/-/range-parser-1.2.1.tgz 0ms (cache hit)
62 http cache safer-buffer@https://registry.npmjs.org/safer-buffer/-/safer-buffer-2.1.2.tgz 0ms (cache hit)
63 http cache readable-stream@https://registry.npmjs.org/readable-stream/-/readable-stream-3.6.2.tgz 0ms (cache hit)
64 http cache qs@https://registry.npmjs.org/qs/-/qs-6.14.1.tgz 0ms (cache hit)
65 http cache punycode@https://registry.npmjs.org/punycode/-/punycode-2.3.1.tgz 0ms (cache hit)
66 http cache picomatch@https://registry.npmjs.org/picomatch/-/picomatch-2.3.1.tgz 0ms (cache hit)
67 http cache proxy-addr@https://registry.npmjs.org/proxy-addr/-/proxy-addr-2.0.7.tgz 0ms (cache hit)
68 http cache path-to-regexp@https://registry.npmjs.org/path-to-regexp/-/path-to-regexp-0.1.12.tgz 0ms (cache hit)
69 http cache path-parse@https://registry.npmjs.org/path-parse/-/path-parse-1.0.7.tgz 0ms (cache hit)
70 http cache path-is-absolute@https://registry.npmjs.org/path-is-absolute/-/path-is-absolute-1.0.1.tgz 0ms (cache hit)
71 http cache raw-body@https://registry.npmjs.org/raw-body/-/raw-body-2.5.3.tgz 0ms (cache hit)
72 http cache once@https://registry.npmjs.org/once/-/once-1.4.0.tgz 0ms (cache hit)
73 http cache on-finished@https://registry.npmjs.org/on-finished/-/on-finished-2.4.1.tgz 0ms (cache hit)
74 http cache object-assign@https://registry.npmjs.org/object-assign/-/object-assign-4.1.1.tgz 0ms (cache hit)
75 http cache parseurl@https://registry.npmjs.org/parseurl/-/parseurl-1.3.3.tgz 0ms (cache hit)
76 http cache negotiator@https://registry.npmjs.org/negotiator/-/negotiator-0.6.3.tgz 0ms (cache hit)
77 http cache multer@https://registry.npmjs.org/multer/-/multer-2.0.2.tgz 0ms (cache hit)
78 http cache normalize-path@https://registry.npmjs.org/normalize-path/-/normalize-path-3.0.0.tgz 0ms (cache hit)
79 http cache object-inspect@https://registry.npmjs.org/object-inspect/-/object-inspect-1.13.4.tgz 0ms (cache hit)
80 http cache mquery@https://registry.npmjs.org/mquery/-/mquery-5.0.0.tgz 0ms (cache hit)
81 http cache mongoose@https://registry.npmjs.org/mongoose/-/mongoose-8.21.0.tgz 0ms (cache hit)
82 http cache mongodb-connection-string-url@https://registry.npmjs.org/mongodb-connection-string-url/-/mongodb-connection-string-url-3.0.2.tgz 0ms (cache hit)
83 http cache ms@https://registry.npmjs.org/ms/-/ms-2.0.0.tgz 0ms (cache hit)
84 http cache mkdirp@https://registry.npmjs.org/mkdirp/-/mkdirp-0.5.6.tgz 0ms (cache hit)
85 http cache mongodb@https://registry.npmjs.org/mongodb/-/mongodb-6.20.0.tgz 0ms (cache hit)
86 http cache minimist@https://registry.npmjs.org/minimist/-/minimist-1.2.8.tgz 0ms (cache hit)
87 http cache mpath@https://registry.npmjs.org/mpath/-/mpath-0.9.0.tgz 0ms (cache hit)
88 http cache mime-types@https://registry.npmjs.org/mime-types/-/mime-types-2.1.35.tgz 0ms (cache hit)
89 http cache minimatch@https://registry.npmjs.org/minimatch/-/minimatch-3.1.2.tgz 0ms (cache hit)
90 http cache mime-db@https://registry.npmjs.org/mime-db/-/mime-db-1.52.0.tgz 0ms (cache hit)
91 http cache methods@https://registry.npmjs.org/methods/-/methods-1.1.2.tgz 0ms (cache hit)
92 http cache mime@https://registry.npmjs.org/mime/-/mime-1.6.0.tgz 0ms (cache hit)
93 http cache memory-pager@https://registry.npmjs.org/memory-pager/-/memory-pager-1.5.0.tgz 0ms (cache hit)
94 http cache lodash.isstring@https://registry.npmjs.org/lodash.isstring/-/lodash.isstring-4.0.1.tgz 0ms (cache hit)
95 http cache merge-descriptors@https://registry.npmjs.org/merge-descriptors/-/merge-descriptors-1.0.3.tgz 0ms (cache hit)
96 http cache media-typer@https://registry.npmjs.org/media-typer/-/media-typer-0.3.0.tgz 0ms (cache hit)
97 http cache lodash.once@https://registry.npmjs.org/lodash.once/-/lodash.once-4.1.1.tgz 0ms (cache hit)
98 http cache math-intrinsics@https://registry.npmjs.org/math-intrinsics/-/math-intrinsics-1.1.0.tgz 0ms (cache hit)
99 http cache make-error@https://registry.npmjs.org/make-error/-/make-error-1.3.6.tgz 0ms (cache hit)
100 http cache lodash.isinteger@https://registry.npmjs.org/lodash.isinteger/-/lodash.isinteger-4.0.4.tgz 0ms (cache hit)
101 http cache lodash.isnumber@https://registry.npmjs.org/lodash.isnumber/-/lodash.isnumber-3.0.3.tgz 0ms (cache hit)
102 http cache lodash.isplainobject@https://registry.npmjs.org/lodash.isplainobject/-/lodash.isplainobject-4.0.6.tgz 0ms (cache hit)
103 http cache jws@https://registry.npmjs.org/jws/-/jws-4.0.1.tgz 0ms (cache hit)
104 http cache lodash.isboolean@https://registry.npmjs.org/lodash.isboolean/-/lodash.isboolean-3.0.3.tgz 0ms (cache hit)
105 http cache kareem@https://registry.npmjs.org/kareem/-/kareem-2.6.3.tgz 0ms (cache hit)
106 http cache is-glob@https://registry.npmjs.org/is-glob/-/is-glob-4.0.3.tgz 0ms (cache hit)
107 http cache lodash.includes@https://registry.npmjs.org/lodash.includes/-/lodash.includes-4.3.0.tgz 0ms (cache hit)
108 http cache jwa@https://registry.npmjs.org/jwa/-/jwa-2.0.1.tgz 0ms (cache hit)
109 http cache is-number@https://registry.npmjs.org/is-number/-/is-number-7.0.0.tgz 0ms (cache hit)
110 http cache jsonwebtoken@https://registry.npmjs.org/jsonwebtoken/-/jsonwebtoken-9.0.3.tgz 0ms (cache hit)
111 http cache is-extglob@https://registry.npmjs.org/is-extglob/-/is-extglob-2.1.1.tgz 0ms (cache hit)
112 http cache is-core-module@https://registry.npmjs.org/is-core-module/-/is-core-module-2.16.1.tgz 0ms (cache hit)
113 http cache http-errors@https://registry.npmjs.org/http-errors/-/http-errors-2.0.1.tgz 0ms (cache hit)
114 http cache is-binary-path@https://registry.npmjs.org/is-binary-path/-/is-binary-path-2.1.0.tgz 0ms (cache hit)
115 http cache inherits@https://registry.npmjs.org/inherits/-/inherits-2.0.4.tgz 0ms (cache hit)
116 http cache iconv-lite@https://registry.npmjs.org/iconv-lite/-/iconv-lite-0.4.24.tgz 0ms (cache hit)
117 http cache inflight@https://registry.npmjs.org/inflight/-/inflight-1.0.6.tgz 0ms (cache hit)
118 http cache hasown@https://registry.npmjs.org/hasown/-/hasown-2.0.2.tgz 0ms (cache hit)
119 http cache gopd@https://registry.npmjs.org/gopd/-/gopd-1.2.0.tgz 0ms (cache hit)
120 http cache has-symbols@https://registry.npmjs.org/has-symbols/-/has-symbols-1.1.0.tgz 0ms (cache hit)
121 http cache glob@https://registry.npmjs.org/glob/-/glob-7.2.3.tgz 0ms (cache hit)
122 http cache get-proto@https://registry.npmjs.org/get-proto/-/get-proto-1.0.1.tgz 0ms (cache hit)
123 http cache ipaddr.js@https://registry.npmjs.org/ipaddr.js/-/ipaddr.js-1.9.1.tgz 0ms (cache hit)
124 http cache get-intrinsic@https://registry.npmjs.org/get-intrinsic/-/get-intrinsic-1.3.0.tgz 0ms (cache hit)
125 http cache fs.realpath@https://registry.npmjs.org/fs.realpath/-/fs.realpath-1.0.0.tgz 0ms (cache hit)
126 http cache function-bind@https://registry.npmjs.org/function-bind/-/function-bind-1.1.2.tgz 0ms (cache hit)
127 http cache fresh@https://registry.npmjs.org/fresh/-/fresh-0.5.2.tgz 0ms (cache hit)
128 http cache forwarded@https://registry.npmjs.org/forwarded/-/forwarded-0.2.0.tgz 0ms (cache hit)
129 http cache finalhandler@https://registry.npmjs.org/finalhandler/-/finalhandler-1.3.2.tgz 0ms (cache hit)
130 http cache fill-range@https://registry.npmjs.org/fill-range/-/fill-range-7.1.1.tgz 0ms (cache hit)
131 http cache escape-html@https://registry.npmjs.org/escape-html/-/escape-html-1.0.3.tgz 0ms (cache hit)
132 http cache express@https://registry.npmjs.org/express/-/express-4.22.1.tgz 0ms (cache hit)
133 http cache etag@https://registry.npmjs.org/etag/-/etag-1.8.1.tgz 0ms (cache hit)
134 http cache es-object-atoms@https://registry.npmjs.org/es-object-atoms/-/es-object-atoms-1.1.1.tgz 0ms (cache hit)
135 http cache glob-parent@https://registry.npmjs.org/glob-parent/-/glob-parent-5.1.2.tgz 0ms (cache hit)
136 http cache encodeurl@https://registry.npmjs.org/encodeurl/-/encodeurl-2.0.0.tgz 0ms (cache hit)
137 http cache es-define-property@https://registry.npmjs.org/es-define-property/-/es-define-property-1.0.1.tgz 0ms (cache hit)
138 http cache dynamic-dedupe@https://registry.npmjs.org/dynamic-dedupe/-/dynamic-dedupe-0.3.0.tgz 0ms (cache hit)
139 http cache ee-first@https://registry.npmjs.org/ee-first/-/ee-first-1.1.1.tgz 0ms (cache hit)
140 http cache es-errors@https://registry.npmjs.org/es-errors/-/es-errors-1.3.0.tgz 0ms (cache hit)
141 http cache dunder-proto@https://registry.npmjs.org/dunder-proto/-/dunder-proto-1.0.1.tgz 0ms (cache hit)
142 http cache ecdsa-sig-formatter@https://registry.npmjs.org/ecdsa-sig-formatter/-/ecdsa-sig-formatter-1.0.11.tgz 0ms (cache hit)
143 http cache destroy@https://registry.npmjs.org/destroy/-/destroy-1.2.0.tgz 0ms (cache hit)
144 http cache diff@https://registry.npmjs.org/diff/-/diff-4.0.2.tgz 0ms (cache hit)
145 http cache dotenv@https://registry.npmjs.org/dotenv/-/dotenv-16.6.1.tgz 0ms (cache hit)
146 http cache cookie-signature@https://registry.npmjs.org/cookie-signature/-/cookie-signature-1.0.7.tgz 0ms (cache hit)
147 http cache debug@https://registry.npmjs.org/debug/-/debug-2.6.9.tgz 0ms (cache hit)
148 http cache cors@https://registry.npmjs.org/cors/-/cors-2.8.5.tgz 0ms (cache hit)
149 http cache depd@https://registry.npmjs.org/depd/-/depd-2.0.0.tgz 0ms (cache hit)
150 http cache create-require@https://registry.npmjs.org/create-require/-/create-require-1.1.1.tgz 0ms (cache hit)
151 http cache content-type@https://registry.npmjs.org/content-type/-/content-type-1.0.5.tgz 0ms (cache hit)
152 http cache concat-stream@https://registry.npmjs.org/concat-stream/-/concat-stream-2.0.0.tgz 0ms (cache hit)
153 http cache cookie@https://registry.npmjs.org/cookie/-/cookie-0.7.2.tgz 0ms (cache hit)
154 http cache content-disposition@https://registry.npmjs.org/content-disposition/-/content-disposition-0.5.4.tgz 0ms (cache hit)
155 http cache concat-map@https://registry.npmjs.org/concat-map/-/concat-map-0.0.1.tgz 0ms (cache hit)
156 http cache call-bind-apply-helpers@https://registry.npmjs.org/call-bind-apply-helpers/-/call-bind-apply-helpers-1.0.2.tgz 0ms (cache hit)
157 http cache call-bound@https://registry.npmjs.org/call-bound/-/call-bound-1.0.4.tgz 0ms (cache hit)
158 http cache bytes@https://registry.npmjs.org/bytes/-/bytes-3.1.2.tgz 0ms (cache hit)
159 http cache chokidar@https://registry.npmjs.org/chokidar/-/chokidar-3.6.0.tgz 0ms (cache hit)
160 http cache busboy@https://registry.npmjs.org/busboy/-/busboy-1.6.0.tgz 0ms (cache hit)
161 http cache buffer-equal-constant-time@https://registry.npmjs.org/buffer-equal-constant-time/-/buffer-equal-constant-time-1.0.1.tgz 0ms (cache hit)
162 http cache buffer-from@https://registry.npmjs.org/buffer-from/-/buffer-from-1.1.2.tgz 0ms (cache hit)
163 http cache braces@https://registry.npmjs.org/braces/-/braces-3.0.3.tgz 0ms (cache hit)
164 http cache body-parser@https://registry.npmjs.org/body-parser/-/body-parser-1.20.4.tgz 0ms (cache hit)
165 http cache bson@https://registry.npmjs.org/bson/-/bson-6.10.4.tgz 0ms (cache hit)
166 http cache binary-extensions@https://registry.npmjs.org/binary-extensions/-/binary-extensions-2.3.0.tgz 0ms (cache hit)
167 http cache brace-expansion@https://registry.npmjs.org/brace-expansion/-/brace-expansion-1.1.12.tgz 0ms (cache hit)
168 http cache balanced-match@https://registry.npmjs.org/balanced-match/-/balanced-match-1.0.2.tgz 0ms (cache hit)
169 http cache append-field@https://registry.npmjs.org/append-field/-/append-field-1.0.0.tgz 0ms (cache hit)
170 http cache acorn@https://registry.npmjs.org/acorn/-/acorn-8.15.0.tgz 0ms (cache hit)
171 http cache arg@https://registry.npmjs.org/arg/-/arg-4.1.3.tgz 0ms (cache hit)
172 http cache array-flatten@https://registry.npmjs.org/array-flatten/-/array-flatten-1.1.1.tgz 0ms (cache hit)
173 http cache acorn-walk@https://registry.npmjs.org/acorn-walk/-/acorn-walk-8.3.4.tgz 0ms (cache hit)
174 http cache bcryptjs@https://registry.npmjs.org/bcryptjs/-/bcryptjs-3.0.3.tgz 0ms (cache hit)
175 http cache accepts@https://registry.npmjs.org/accepts/-/accepts-1.3.8.tgz 0ms (cache hit)
176 http cache @types/whatwg-url@https://registry.npmjs.org/@types/whatwg-url/-/whatwg-url-11.0.5.tgz 0ms (cache hit)
177 http cache anymatch@https://registry.npmjs.org/anymatch/-/anymatch-3.1.3.tgz 0ms (cache hit)
178 http cache @types/serve-static@https://registry.npmjs.org/@types/serve-static/-/serve-static-1.15.10.tgz 0ms (cache hit)
179 http cache @types/webidl-conversions@https://registry.npmjs.org/@types/webidl-conversions/-/webidl-conversions-7.0.3.tgz 0ms (cache hit)
180 http cache @types/strip-bom@https://registry.npmjs.org/@types/strip-bom/-/strip-bom-3.0.0.tgz 0ms (cache hit)
181 http cache @types/strip-json-comments@https://registry.npmjs.org/@types/strip-json-comments/-/strip-json-comments-0.0.30.tgz 0ms (cache hit)
182 http cache @types/range-parser@https://registry.npmjs.org/@types/range-parser/-/range-parser-1.2.7.tgz 0ms (cache hit)
183 http cache @types/send@https://registry.npmjs.org/@types/send/-/send-1.2.1.tgz 0ms (cache hit)
184 http cache @types/ms@https://registry.npmjs.org/@types/ms/-/ms-2.1.0.tgz 0ms (cache hit)
185 http cache @types/node@https://registry.npmjs.org/@types/node/-/node-20.19.27.tgz 0ms (cache hit)
186 http cache @types/qs@https://registry.npmjs.org/@types/qs/-/qs-6.14.0.tgz 0ms (cache hit)
187 http cache @types/multer@https://registry.npmjs.org/@types/multer/-/multer-2.0.0.tgz 0ms (cache hit)
188 http cache @types/mime@https://registry.npmjs.org/@types/mime/-/mime-1.3.5.tgz 0ms (cache hit)
189 http cache @types/jsonwebtoken@https://registry.npmjs.org/@types/jsonwebtoken/-/jsonwebtoken-9.0.10.tgz 0ms (cache hit)
190 http cache @types/express@https://registry.npmjs.org/@types/express/-/express-4.17.25.tgz 0ms (cache hit)
191 http cache @types/cors@https://registry.npmjs.org/@types/cors/-/cors-2.8.19.tgz 0ms (cache hit)
192 http cache @tsconfig/node14@https://registry.npmjs.org/@tsconfig/node14/-/node14-1.0.3.tgz 0ms (cache hit)
193 http cache @tsconfig/node16@https://registry.npmjs.org/@tsconfig/node16/-/node16-1.0.4.tgz 0ms (cache hit)
194 http cache @types/http-errors@https://registry.npmjs.org/@types/http-errors/-/http-errors-2.0.5.tgz 0ms (cache hit)
195 http cache @mongodb-js/saslprep@https://registry.npmjs.org/@mongodb-js/saslprep/-/saslprep-1.4.4.tgz 0ms (cache hit)
196 http cache @tsconfig/node12@https://registry.npmjs.org/@tsconfig/node12/-/node12-1.0.11.tgz 0ms (cache hit)
197 http cache @types/body-parser@https://registry.npmjs.org/@types/body-parser/-/body-parser-1.19.6.tgz 0ms (cache hit)
198 http cache @jridgewell/trace-mapping@https://registry.npmjs.org/@jridgewell/trace-mapping/-/trace-mapping-0.3.9.tgz 0ms (cache hit)
199 http cache @jridgewell/sourcemap-codec@https://registry.npmjs.org/@jridgewell/sourcemap-codec/-/sourcemap-codec-1.5.5.tgz 0ms (cache hit)
200 http cache @types/connect@https://registry.npmjs.org/@types/connect/-/connect-3.4.38.tgz 0ms (cache hit)
201 http cache @types/bcryptjs@https://registry.npmjs.org/@types/bcryptjs/-/bcryptjs-2.4.6.tgz 0ms (cache hit)
202 http cache @jridgewell/resolve-uri@https://registry.npmjs.org/@jridgewell/resolve-uri/-/resolve-uri-3.1.2.tgz 0ms (cache hit)
203 http cache @cspotcode/source-map-support@https://registry.npmjs.org/@cspotcode/source-map-support/-/source-map-support-0.8.1.tgz 0ms (cache hit)
204 http cache mkdirp@https://registry.npmjs.org/mkdirp/-/mkdirp-1.0.4.tgz 0ms (cache hit)
205 http cache ms@https://registry.npmjs.org/ms/-/ms-2.1.3.tgz 0ms (cache hit)
206 http cache @tsconfig/node10@https://registry.npmjs.org/@tsconfig/node10/-/node10-1.0.12.tgz 0ms (cache hit)
207 http cache ms@https://registry.npmjs.org/ms/-/ms-2.1.3.tgz 0ms (cache hit)
208 http cache ms@https://registry.npmjs.org/ms/-/ms-2.1.3.tgz 0ms (cache hit)
209 http cache @types/express-serve-static-core@https://registry.npmjs.org/@types/express-serve-static-core/-/express-serve-static-core-4.19.7.tgz 0ms (cache hit)
210 http cache debug@https://registry.npmjs.org/debug/-/debug-4.4.3.tgz 0ms (cache hit)
211 http cache @types/send@https://registry.npmjs.org/@types/send/-/send-0.17.6.tgz 0ms (cache hit)
212 http cache ms@https://registry.npmjs.org/ms/-/ms-2.1.3.tgz 0ms (cache hit)
213 warn deprecated inflight@1.0.6: This module is not supported, and leaks memory. Do not use it. Check out lru-cache if you want a good and tested way to coalesce async requests by a key value, which is much more comprehensive and powerful.
214 http fetch POST 200 https://registry.npmjs.org/-/npm/v1/security/advisories/bulk 975ms
215 silly audit report {}
216 warn deprecated rimraf@2.7.1: Rimraf versions prior to v4 are no longer supported
217 warn deprecated glob@7.2.3: Glob versions prior to v9 are no longer supported
218 silly ADD node_modules/yn
219 silly ADD node_modules/xtend
220 silly ADD node_modules/wrappy
221 silly ADD node_modules/whatwg-url
222 silly ADD node_modules/webidl-conversions
223 silly ADD node_modules/vary
224 silly ADD node_modules/v8-compile-cache-lib
225 silly ADD node_modules/utils-merge
226 silly ADD node_modules/util-deprecate
227 silly ADD node_modules/unpipe
228 silly ADD node_modules/undici-types
229 silly ADD node_modules/typescript
230 silly ADD node_modules/typedarray
231 silly ADD node_modules/type-is
232 silly ADD node_modules/tsconfig
233 silly ADD node_modules/ts-node-dev
234 silly ADD node_modules/ts-node-dev/node_modules/mkdirp
235 silly ADD node_modules/ts-node
236 silly ADD node_modules/tree-kill
237 silly ADD node_modules/tr46
238 silly ADD node_modules/toidentifier
239 silly ADD node_modules/to-regex-range
240 silly ADD node_modules/supports-preserve-symlinks-flag
241 silly ADD node_modules/strip-json-comments
242 silly ADD node_modules/strip-bom
243 silly ADD node_modules/string_decoder
244 silly ADD node_modules/streamsearch
245 silly ADD node_modules/statuses
246 silly ADD node_modules/sparse-bitfield
247 silly ADD node_modules/source-map-support
248 silly ADD node_modules/source-map
249 silly ADD node_modules/sift
250 silly ADD node_modules/side-channel-weakmap
251 silly ADD node_modules/side-channel-map
252 silly ADD node_modules/side-channel-list
253 silly ADD node_modules/side-channel
254 silly ADD node_modules/setprototypeof
255 silly ADD node_modules/serve-static
256 silly ADD node_modules/send
257 silly ADD node_modules/send/node_modules/ms
258 silly ADD node_modules/semver
259 silly ADD node_modules/safer-buffer
260 silly ADD node_modules/safe-buffer
261 silly ADD node_modules/rimraf
262 silly ADD node_modules/resolve
263 silly ADD node_modules/readdirp
264 silly ADD node_modules/readable-stream
265 silly ADD node_modules/raw-body
266 silly ADD node_modules/range-parser
267 silly ADD node_modules/qs
268 silly ADD node_modules/punycode
269 silly ADD node_modules/proxy-addr
270 silly ADD node_modules/picomatch
271 silly ADD node_modules/path-to-regexp
272 silly ADD node_modules/path-parse
273 silly ADD node_modules/path-is-absolute
274 silly ADD node_modules/parseurl
275 silly ADD node_modules/once
276 silly ADD node_modules/on-finished
277 silly ADD node_modules/object-inspect
278 silly ADD node_modules/object-assign
279 silly ADD node_modules/normalize-path
280 silly ADD node_modules/negotiator
281 silly ADD node_modules/multer
282 silly ADD node_modules/ms
283 silly ADD node_modules/mquery
284 silly ADD node_modules/mquery/node_modules/ms
285 silly ADD node_modules/mquery/node_modules/debug
286 silly ADD node_modules/mpath
287 silly ADD node_modules/mongoose
288 silly ADD node_modules/mongoose/node_modules/ms
289 silly ADD node_modules/mongodb-connection-string-url
290 silly ADD node_modules/mongodb
291 silly ADD node_modules/mkdirp
292 silly ADD node_modules/minimist
293 silly ADD node_modules/minimatch
294 silly ADD node_modules/mime-types
295 silly ADD node_modules/mime-db
296 silly ADD node_modules/mime
297 silly ADD node_modules/methods
298 silly ADD node_modules/merge-descriptors
299 silly ADD node_modules/memory-pager
300 silly ADD node_modules/media-typer
301 silly ADD node_modules/math-intrinsics
302 silly ADD node_modules/make-error
303 silly ADD node_modules/lodash.once
304 silly ADD node_modules/lodash.isstring
305 silly ADD node_modules/lodash.isplainobject
306 silly ADD node_modules/lodash.isnumber
307 silly ADD node_modules/lodash.isinteger
308 silly ADD node_modules/lodash.isboolean
309 silly ADD node_modules/lodash.includes
310 silly ADD node_modules/kareem
311 silly ADD node_modules/jws
312 silly ADD node_modules/jwa
313 silly ADD node_modules/jsonwebtoken
314 silly ADD node_modules/jsonwebtoken/node_modules/ms
315 silly ADD node_modules/is-number
316 silly ADD node_modules/is-glob
317 silly ADD node_modules/is-extglob
318 silly ADD node_modules/is-core-module
319 silly ADD node_modules/is-binary-path
320 silly ADD node_modules/ipaddr.js
321 silly ADD node_modules/inherits
322 silly ADD node_modules/inflight
323 silly ADD node_modules/iconv-lite
324 silly ADD node_modules/http-errors
325 silly ADD node_modules/hasown
326 silly ADD node_modules/has-symbols
327 silly ADD node_modules/gopd
328 silly ADD node_modules/glob-parent
329 silly ADD node_modules/glob
330 silly ADD node_modules/get-proto
331 silly ADD node_modules/get-intrinsic
332 silly ADD node_modules/function-bind
333 silly ADD node_modules/fs.realpath
334 silly ADD node_modules/fresh
335 silly ADD node_modules/forwarded
336 silly ADD node_modules/finalhandler
337 silly ADD node_modules/fill-range
338 silly ADD node_modules/express
339 silly ADD node_modules/etag
340 silly ADD node_modules/escape-html
341 silly ADD node_modules/es-object-atoms
342 silly ADD node_modules/es-errors
343 silly ADD node_modules/es-define-property
344 silly ADD node_modules/encodeurl
345 silly ADD node_modules/ee-first
346 silly ADD node_modules/ecdsa-sig-formatter
347 silly ADD node_modules/dynamic-dedupe
348 silly ADD node_modules/dunder-proto
349 silly ADD node_modules/dotenv
350 silly ADD node_modules/diff
351 silly ADD node_modules/destroy
352 silly ADD node_modules/depd
353 silly ADD node_modules/debug
354 silly ADD node_modules/create-require
355 silly ADD node_modules/cors
356 silly ADD node_modules/cookie-signature
357 silly ADD node_modules/cookie
358 silly ADD node_modules/content-type
359 silly ADD node_modules/content-disposition
360 silly ADD node_modules/concat-stream
361 silly ADD node_modules/concat-map
362 silly ADD node_modules/chokidar
363 silly ADD node_modules/call-bound
364 silly ADD node_modules/call-bind-apply-helpers
365 silly ADD node_modules/bytes
366 silly ADD node_modules/busboy
367 silly ADD node_modules/buffer-from
368 silly ADD node_modules/buffer-equal-constant-time
369 silly ADD node_modules/bson
370 silly ADD node_modules/braces
371 silly ADD node_modules/brace-expansion
372 silly ADD node_modules/body-parser
373 silly ADD node_modules/binary-extensions
374 silly ADD node_modules/bcryptjs
375 silly ADD node_modules/balanced-match
376 silly ADD node_modules/array-flatten
377 silly ADD node_modules/arg
378 silly ADD node_modules/append-field
379 silly ADD node_modules/anymatch
380 silly ADD node_modules/acorn-walk
381 silly ADD node_modules/acorn
382 silly ADD node_modules/accepts
383 silly ADD node_modules/@types/whatwg-url
384 silly ADD node_modules/@types/webidl-conversions
385 silly ADD node_modules/@types/strip-json-comments
386 silly ADD node_modules/@types/strip-bom
387 silly ADD node_modules/@types/serve-static
388 silly ADD node_modules/@types/serve-static/node_modules/@types/send
389 silly ADD node_modules/@types/send
390 silly ADD node_modules/@types/range-parser
391 silly ADD node_modules/@types/qs
392 silly ADD node_modules/@types/node
393 silly ADD node_modules/@types/multer
394 silly ADD node_modules/@types/ms
395 silly ADD node_modules/@types/mime
396 silly ADD node_modules/@types/jsonwebtoken
397 silly ADD node_modules/@types/http-errors
398 silly ADD node_modules/@types/express-serve-static-core
399 silly ADD node_modules/@types/express
400 silly ADD node_modules/@types/cors
401 silly ADD node_modules/@types/connect
402 silly ADD node_modules/@types/body-parser
403 silly ADD node_modules/@types/bcryptjs
404 silly ADD node_modules/@tsconfig/node16
405 silly ADD node_modules/@tsconfig/node14
406 silly ADD node_modules/@tsconfig/node12
407 silly ADD node_modules/@tsconfig/node10
408 silly ADD node_modules/@mongodb-js/saslprep
409 silly ADD node_modules/@jridgewell/trace-mapping
410 silly ADD node_modules/@jridgewell/sourcemap-codec
411 silly ADD node_modules/@jridgewell/resolve-uri
412 silly ADD node_modules/@cspotcode/source-map-support
413 verbose cwd C:\Users\subha\OneDrive\Desktop\emperion\clean\emperion-backend
414 verbose os Windows_NT 10.0.26100
415 verbose node v24.12.0
416 verbose npm  v11.6.2
417 verbose exit 0
418 info ok
