0 verbose cli C:\Program Files\nodejs\node.exe C:\Program Files\nodejs\node_modules\npm\bin\npm-cli.js
1 info using npm@11.6.2
2 info using node@v24.12.0
3 silly config load:file:C:\Program Files\nodejs\node_modules\npm\npmrc
4 silly config load:file:C:\Users\subha\OneDrive\Desktop\emperion\clean\emperion-backend\.npmrc
5 silly config load:file:C:\Users\subha\.npmrc
6 silly config load:file:C:\Users\subha\AppData\Roaming\npm\etc\npmrc
7 verbose title npm install cloudinary multer
8 verbose argv "install" "cloudinary" "multer"
9 verbose logfile logs-max:10 dir:C:\Users\subha\OneDrive\Desktop\emperion\clean\emperion-backend\clean\_logs\2026-01-10T13_27_12_911Z-
10 verbose logfile C:\Users\subha\OneDrive\Desktop\emperion\clean\emperion-backend\clean\_logs\2026-01-10T13_27_12_911Z-debug-0.log
11 silly logfile start cleaning logs, removing 1 files
12 silly packumentCache heap:2348810240 maxSize:587202560 maxEntrySize:293601280
13 silly logfile done cleaning log files
14 silly idealTree buildDeps
15 silly fetch manifest multer@^2.0.2
16 silly packumentCache full:https://registry.npmjs.org/multer cache-miss
17 verbose shrinkwrap failed to load node_modules/.package-lock.json out of date, updated: node_modules/ts-node-dev/node_modules/mkdirp
18 http fetch GET 200 https://registry.npmjs.org/multer 517ms (cache revalidated)
19 silly packumentCache full:https://registry.npmjs.org/multer set size:145789 disposed:false
20 silly fetch manifest cloudinary@*
21 silly packumentCache full:https://registry.npmjs.org/cloudinary cache-miss
22 http fetch GET 200 https://registry.npmjs.org/cloudinary 126ms (cache miss)
23 silly packumentCache full:https://registry.npmjs.org/cloudinary set size:undefined disposed:false
24 silly placeDep ROOT cloudinary@2.8.0 OK for: emperion-backend@1.0.0 want: *
25 silly placeDep ROOT multer@2.0.2 REPLACE for: emperion-backend@1.0.0 want: ^2.0.2
26 silly fetch manifest lodash@^4.17.21
27 silly packumentCache full:https://registry.npmjs.org/lodash cache-miss
28 silly fetch manifest q@^1.5.1
29 silly packumentCache full:https://registry.npmjs.org/q cache-miss
30 http fetch GET 200 https://registry.npmjs.org/lodash 128ms (cache miss)
31 silly packumentCache full:https://registry.npmjs.org/lodash set size:undefined disposed:false
32 http fetch GET 200 https://registry.npmjs.org/q 1135ms (cache miss)
33 silly packumentCache full:https://registry.npmjs.org/q set size:undefined disposed:false
34 silly placeDep ROOT lodash@4.17.21 OK for: cloudinary@2.8.0 want: ^4.17.21
35 silly placeDep ROOT q@1.5.1 OK for: cloudinary@2.8.0 want: ^1.5.1
36 warn EBADENGINE Unsupported engine {
36 warn EBADENGINE   package: 'emperion-backend@1.0.0',
36 warn EBADENGINE   required: { node: '18.x' },
36 warn EBADENGINE   current: { node: 'v24.12.0', npm: '11.6.2' }
36 warn EBADENGINE }
37 silly reify moves {}
38 silly audit bulk request {
38 silly audit   '@cspotcode/source-map-support': [ '0.8.1' ],
38 silly audit   '@jridgewell/resolve-uri': [ '3.1.2' ],
38 silly audit   '@jridgewell/sourcemap-codec': [ '1.5.5' ],
38 silly audit   '@jridgewell/trace-mapping': [ '0.3.9' ],
38 silly audit   '@mongodb-js/saslprep': [ '1.4.4' ],
38 silly audit   '@tsconfig/node10': [ '1.0.12' ],
38 silly audit   '@tsconfig/node12': [ '1.0.11' ],
38 silly audit   '@tsconfig/node14': [ '1.0.3' ],
38 silly audit   '@tsconfig/node16': [ '1.0.4' ],
38 silly audit   '@types/bcryptjs': [ '2.4.6' ],
38 silly audit   '@types/body-parser': [ '1.19.6' ],
38 silly audit   '@types/connect': [ '3.4.38' ],
38 silly audit   '@types/cors': [ '2.8.19' ],
38 silly audit   '@types/express': [ '4.17.25' ],
38 silly audit   '@types/express-serve-static-core': [ '4.19.7' ],
38 silly audit   '@types/http-errors': [ '2.0.5' ],
38 silly audit   '@types/jsonwebtoken': [ '9.0.10' ],
38 silly audit   '@types/mime': [ '1.3.5' ],
38 silly audit   '@types/ms': [ '2.1.0' ],
38 silly audit   '@types/multer': [ '2.0.0' ],
38 silly audit   '@types/node': [ '20.19.27' ],
38 silly audit   '@types/qs': [ '6.14.0' ],
38 silly audit   '@types/range-parser': [ '1.2.7' ],
38 silly audit   '@types/send': [ '1.2.1', '0.17.6' ],
38 silly audit   '@types/serve-static': [ '1.15.10' ],
38 silly audit   '@types/strip-bom': [ '3.0.0' ],
38 silly audit   '@types/strip-json-comments': [ '0.0.30' ],
38 silly audit   '@types/webidl-conversions': [ '7.0.3' ],
38 silly audit   '@types/whatwg-url': [ '11.0.5' ],
38 silly audit   accepts: [ '1.3.8' ],
38 silly audit   acorn: [ '8.15.0' ],
38 silly audit   'acorn-walk': [ '8.3.4' ],
38 silly audit   anymatch: [ '3.1.3' ],
38 silly audit   'append-field': [ '1.0.0' ],
38 silly audit   arg: [ '4.1.3' ],
38 silly audit   'array-flatten': [ '1.1.1' ],
38 silly audit   'balanced-match': [ '1.0.2' ],
38 silly audit   bcryptjs: [ '3.0.3' ],
38 silly audit   'binary-extensions': [ '2.3.0' ],
38 silly audit   'body-parser': [ '1.20.4' ],
38 silly audit   'brace-expansion': [ '1.1.12' ],
38 silly audit   braces: [ '3.0.3' ],
38 silly audit   bson: [ '6.10.4' ],
38 silly audit   'buffer-equal-constant-time': [ '1.0.1' ],
38 silly audit   'buffer-from': [ '1.1.2' ],
38 silly audit   busboy: [ '1.6.0' ],
38 silly audit   bytes: [ '3.1.2' ],
38 silly audit   'call-bind-apply-helpers': [ '1.0.2' ],
38 silly audit   'call-bound': [ '1.0.4' ],
38 silly audit   chokidar: [ '3.6.0' ],
38 silly audit   'concat-map': [ '0.0.1' ],
38 silly audit   'concat-stream': [ '2.0.0' ],
38 silly audit   'content-disposition': [ '0.5.4' ],
38 silly audit   'content-type': [ '1.0.5' ],
38 silly audit   cookie: [ '0.7.2' ],
38 silly audit   'cookie-signature': [ '1.0.7' ],
38 silly audit   cors: [ '2.8.5' ],
38 silly audit   'create-require': [ '1.1.1' ],
38 silly audit   debug: [ '2.6.9', '4.4.3' ],
38 silly audit   depd: [ '2.0.0' ],
38 silly audit   destroy: [ '1.2.0' ],
38 silly audit   diff: [ '4.0.2' ],
38 silly audit   dotenv: [ '16.6.1' ],
38 silly audit   'dunder-proto': [ '1.0.1' ],
38 silly audit   'dynamic-dedupe': [ '0.3.0' ],
38 silly audit   'ecdsa-sig-formatter': [ '1.0.11' ],
38 silly audit   'ee-first': [ '1.1.1' ],
38 silly audit   encodeurl: [ '2.0.0' ],
38 silly audit   'es-define-property': [ '1.0.1' ],
38 silly audit   'es-errors': [ '1.3.0' ],
38 silly audit   'es-object-atoms': [ '1.1.1' ],
38 silly audit   'escape-html': [ '1.0.3' ],
38 silly audit   etag: [ '1.8.1' ],
38 silly audit   express: [ '4.22.1' ],
38 silly audit   'fill-range': [ '7.1.1' ],
38 silly audit   finalhandler: [ '1.3.2' ],
38 silly audit   forwarded: [ '0.2.0' ],
38 silly audit   fresh: [ '0.5.2' ],
38 silly audit   'fs.realpath': [ '1.0.0' ],
38 silly audit   fsevents: [ '2.3.3' ],
38 silly audit   'function-bind': [ '1.1.2' ],
38 silly audit   'get-intrinsic': [ '1.3.0' ],
38 silly audit   'get-proto': [ '1.0.1' ],
38 silly audit   glob: [ '7.2.3' ],
38 silly audit   'glob-parent': [ '5.1.2' ],
38 silly audit   gopd: [ '1.2.0' ],
38 silly audit   'has-symbols': [ '1.1.0' ],
38 silly audit   hasown: [ '2.0.2' ],
38 silly audit   'http-errors': [ '2.0.1' ],
38 silly audit   'iconv-lite': [ '0.4.24' ],
38 silly audit   inflight: [ '1.0.6' ],
38 silly audit   inherits: [ '2.0.4' ],
38 silly audit   'ipaddr.js': [ '1.9.1' ],
38 silly audit   'is-binary-path': [ '2.1.0' ],
38 silly audit   'is-core-module': [ '2.16.1' ],
38 silly audit   'is-extglob': [ '2.1.1' ],
38 silly audit   'is-glob': [ '4.0.3' ],
38 silly audit   'is-number': [ '7.0.0' ],
38 silly audit   jsonwebtoken: [ '9.0.3' ],
38 silly audit   ms: [ '2.1.3', '2.0.0' ],
38 silly audit   jwa: [ '2.0.1' ],
38 silly audit   jws: [ '4.0.1' ],
38 silly audit   kareem: [ '2.6.3' ],
38 silly audit   'lodash.includes': [ '4.3.0' ],
38 silly audit   'lodash.isboolean': [ '3.0.3' ],
38 silly audit   'lodash.isinteger': [ '4.0.4' ],
38 silly audit   'lodash.isnumber': [ '3.0.3' ],
38 silly audit   'lodash.isplainobject': [ '4.0.6' ],
38 silly audit   'lodash.isstring': [ '4.0.1' ],
38 silly audit   'lodash.once': [ '4.1.1' ],
38 silly audit   'make-error': [ '1.3.6' ],
38 silly audit   'math-intrinsics': [ '1.1.0' ],
38 silly audit   'media-typer': [ '0.3.0' ],
38 silly audit   'memory-pager': [ '1.5.0' ],
38 silly audit   'merge-descriptors': [ '1.0.3' ],
38 silly audit   methods: [ '1.1.2' ],
38 silly audit   mime: [ '1.6.0' ],
38 silly audit   'mime-db': [ '1.52.0' ],
38 silly audit   'mime-types': [ '2.1.35' ],
38 silly audit   minimatch: [ '3.1.2' ],
38 silly audit   minimist: [ '1.2.8' ],
38 silly audit   mkdirp: [ '0.5.6', '1.0.4' ],
38 silly audit   mongodb: [ '6.20.0' ],
38 silly audit   'mongodb-connection-string-url': [ '3.0.2' ],
38 silly audit   mongoose: [ '8.21.0' ],
38 silly audit   mpath: [ '0.9.0' ],
38 silly audit   mquery: [ '5.0.0' ],
38 silly audit   negotiator: [ '0.6.3' ],
38 silly audit   'normalize-path': [ '3.0.0' ],
38 silly audit   'object-assign': [ '4.1.1' ],
38 silly audit   'object-inspect': [ '1.13.4' ],
38 silly audit   'on-finished': [ '2.4.1' ],
38 silly audit   once: [ '1.4.0' ],
38 silly audit   parseurl: [ '1.3.3' ],
38 silly audit   'path-is-absolute': [ '1.0.1' ],
38 silly audit   'path-parse': [ '1.0.7' ],
38 silly audit   'path-to-regexp': [ '0.1.12' ],
38 silly audit   picomatch: [ '2.3.1' ],
38 silly audit   'proxy-addr': [ '2.0.7' ],
38 silly audit   punycode: [ '2.3.1' ],
38 silly audit   qs: [ '6.14.1' ],
38 silly audit   'range-parser': [ '1.2.1' ],
38 silly audit   'raw-body': [ '2.5.3' ],
38 silly audit   'readable-stream': [ '3.6.2' ],
38 silly audit   readdirp: [ '3.6.0' ],
38 silly audit   resolve: [ '1.22.11' ],
38 silly audit   rimraf: [ '2.7.1' ],
38 silly audit   'safe-buffer': [ '5.2.1' ],
38 silly audit   'safer-buffer': [ '2.1.2' ],
38 silly audit   semver: [ '7.7.3' ],
38 silly audit   send: [ '0.19.2' ],
38 silly audit   'serve-static': [ '1.16.3' ],
38 silly audit   setprototypeof: [ '1.2.0' ],
38 silly audit   'side-channel': [ '1.1.0' ],
38 silly audit   'side-channel-list': [ '1.0.0' ],
38 silly audit   'side-channel-map': [ '1.0.1' ],
38 silly audit   'side-channel-weakmap': [ '1.0.2' ],
38 silly audit   sift: [ '17.1.3' ],
38 silly audit   'source-map': [ '0.6.1' ],
38 silly audit   'source-map-support': [ '0.5.21' ],
38 silly audit   'sparse-bitfield': [ '3.0.3' ],
38 silly audit   statuses: [ '2.0.2' ],
38 silly audit   streamsearch: [ '1.1.0' ],
38 silly audit   string_decoder: [ '1.3.0' ],
38 silly audit   'strip-bom': [ '3.0.0' ],
38 silly audit   'strip-json-comments': [ '2.0.1' ],
38 silly audit   'supports-preserve-symlinks-flag': [ '1.0.0' ],
38 silly audit   'to-regex-range': [ '5.0.1' ],
38 silly audit   toidentifier: [ '1.0.1' ],
38 silly audit   tr46: [ '5.1.1' ],
38 silly audit   'tree-kill': [ '1.2.2' ],
38 silly audit   'ts-node': [ '10.9.2' ],
38 silly audit   'ts-node-dev': [ '2.0.0' ],
38 silly audit   tsconfig: [ '7.0.0' ],
38 silly audit   'type-is': [ '1.6.18' ],
38 silly audit   typedarray: [ '0.0.6' ],
38 silly audit   typescript: [ '5.9.3' ],
38 silly audit   'undici-types': [ '6.21.0' ],
38 silly audit   unpipe: [ '1.0.0' ],
38 silly audit   'util-deprecate': [ '1.0.2' ],
38 silly audit   'utils-merge': [ '1.0.1' ],
38 silly audit   'v8-compile-cache-lib': [ '3.0.1' ],
38 silly audit   vary: [ '1.1.2' ],
38 silly audit   'webidl-conversions': [ '7.0.0' ],
38 silly audit   'whatwg-url': [ '14.2.0' ],
38 silly audit   wrappy: [ '1.0.2' ],
38 silly audit   xtend: [ '4.0.2' ],
38 silly audit   yn: [ '3.1.1' ],
38 silly audit   cloudinary: [ '2.8.0' ],
38 silly audit   multer: [ '2.0.2' ],
38 silly audit   lodash: [ '4.17.21' ],
38 silly audit   q: [ '1.5.1' ]
38 silly audit }
39 http cache q@https://registry.npmjs.org/q/-/q-1.5.1.tgz 1ms (cache hit)
40 http cache lodash@https://registry.npmjs.org/lodash/-/lodash-4.17.21.tgz 0ms (cache hit)
41 http cache cloudinary@https://registry.npmjs.org/cloudinary/-/cloudinary-2.8.0.tgz 0ms (cache hit)
42 silly tarball no local data for q@https://registry.npmjs.org/q/-/q-1.5.1.tgz. Extracting by manifest.
43 silly tarball no local data for lodash@https://registry.npmjs.org/lodash/-/lodash-4.17.21.tgz. Extracting by manifest.
44 silly tarball no local data for cloudinary@https://registry.npmjs.org/cloudinary/-/cloudinary-2.8.0.tgz. Extracting by manifest.
45 http fetch GET 200 https://registry.npmjs.org/q/-/q-1.5.1.tgz 154ms (cache miss)
46 warn deprecated q@1.5.1: You or someone you depend on is using Q, the JavaScript Promise library that gave JavaScript developers strong feelings about promises. They can almost certainly migrate to the native JavaScript promise now. Thank you literally everyone for joining me in this bet against the odds. Be excellent to each other.
46 warn deprecated
46 warn deprecated (For a CapTP with native promises, see @endo/eventual-send and @endo/captp)
47 http fetch POST 200 https://registry.npmjs.org/-/npm/v1/security/advisories/bulk 336ms
48 silly audit report {}
49 http fetch GET 200 https://registry.npmjs.org/cloudinary/-/cloudinary-2.8.0.tgz 609ms (cache miss)
50 http fetch GET 200 https://registry.npmjs.org/lodash/-/lodash-4.17.21.tgz 2396ms (cache miss)
51 silly ADD node_modules/q
52 silly ADD node_modules/lodash
53 silly ADD node_modules/cloudinary
54 verbose cwd C:\Users\subha\OneDrive\Desktop\emperion\clean\emperion-backend
55 verbose os Windows_NT 10.0.26100
56 verbose node v24.12.0
57 verbose npm  v11.6.2
58 verbose exit 0
59 info ok
