0 verbose cli C:\Program Files\nodejs\node.exe C:\Program Files\nodejs\node_modules\npm\bin\npm-cli.js
1 info using npm@11.6.2
2 info using node@v24.12.0
3 silly config load:file:C:\Program Files\nodejs\node_modules\npm\npmrc
4 silly config load:file:C:\Users\subha\OneDrive\Desktop\emperion\clean\emperion-backend\.npmrc
5 silly config load:file:C:\Users\subha\.npmrc
6 silly config load:file:C:\Users\subha\AppData\Roaming\npm\etc\npmrc
7 verbose title npm install @types/node @types/express
8 verbose argv "install" "--save-dev" "@types/node" "@types/express"
9 verbose logfile logs-max:10 dir:C:\Users\subha\OneDrive\Desktop\emperion\clean\emperion-backend\clean\_logs\2026-01-09T19_13_15_763Z-
10 verbose logfile C:\Users\subha\OneDrive\Desktop\emperion\clean\emperion-backend\clean\_logs\2026-01-09T19_13_15_763Z-debug-0.log
11 silly logfile start cleaning logs, removing 1 files
12 silly packumentCache heap:2348810240 maxSize:587202560 maxEntrySize:293601280
13 silly logfile done cleaning log files
14 silly idealTree buildDeps
15 silly fetch manifest @types/express@^4.17.25
16 silly packumentCache full:https://registry.npmjs.org/@types%2fexpress cache-miss
17 http fetch GET 200 https://registry.npmjs.org/@types%2fexpress 417ms (cache revalidated)
18 silly packumentCache full:https://registry.npmjs.org/@types%2fexpress set size:111364 disposed:false
19 silly fetch manifest @types/node@^20.19.27
20 silly packumentCache full:https://registry.npmjs.org/@types%2fnode cache-miss
21 http cache https://registry.npmjs.org/@types%2fnode 37ms (cache hit)
22 silly packumentCache full:https://registry.npmjs.org/@types%2fnode set size:10733106 disposed:false
23 silly placeDep ROOT @types/express@4.17.25 REPLACE for: emperion-backend@1.0.0 want: ^4.17.25
24 silly placeDep ROOT @types/node@20.19.27 REPLACE for: emperion-backend@1.0.0 want: ^20.19.27
25 warn EBADENGINE Unsupported engine {
25 warn EBADENGINE   package: 'emperion-backend@1.0.0',
25 warn EBADENGINE   required: { node: '18.x' },
25 warn EBADENGINE   current: { node: 'v24.12.0', npm: '11.6.2' }
25 warn EBADENGINE }
26 silly reify moves {}
27 silly audit bulk request {
27 silly audit   '@cspotcode/source-map-support': [ '0.8.1' ],
27 silly audit   '@jridgewell/resolve-uri': [ '3.1.2' ],
27 silly audit   '@jridgewell/sourcemap-codec': [ '1.5.5' ],
27 silly audit   '@jridgewell/trace-mapping': [ '0.3.9' ],
27 silly audit   '@mongodb-js/saslprep': [ '1.4.4' ],
27 silly audit   '@tsconfig/node10': [ '1.0.12' ],
27 silly audit   '@tsconfig/node12': [ '1.0.11' ],
27 silly audit   '@tsconfig/node14': [ '1.0.3' ],
27 silly audit   '@tsconfig/node16': [ '1.0.4' ],
27 silly audit   '@types/bcryptjs': [ '2.4.6' ],
27 silly audit   '@types/body-parser': [ '1.19.6' ],
27 silly audit   '@types/connect': [ '3.4.38' ],
27 silly audit   '@types/cors': [ '2.8.19' ],
27 silly audit   '@types/express-serve-static-core': [ '4.19.7' ],
27 silly audit   '@types/http-errors': [ '2.0.5' ],
27 silly audit   '@types/jsonwebtoken': [ '9.0.10' ],
27 silly audit   '@types/mime': [ '1.3.5' ],
27 silly audit   '@types/ms': [ '2.1.0' ],
27 silly audit   '@types/multer': [ '2.0.0' ],
27 silly audit   '@types/qs': [ '6.14.0' ],
27 silly audit   '@types/range-parser': [ '1.2.7' ],
27 silly audit   '@types/send': [ '1.2.1', '0.17.6' ],
27 silly audit   '@types/serve-static': [ '1.15.10' ],
27 silly audit   '@types/strip-bom': [ '3.0.0' ],
27 silly audit   '@types/strip-json-comments': [ '0.0.30' ],
27 silly audit   '@types/webidl-conversions': [ '7.0.3' ],
27 silly audit   '@types/whatwg-url': [ '11.0.5' ],
27 silly audit   accepts: [ '1.3.8' ],
27 silly audit   acorn: [ '8.15.0' ],
27 silly audit   'acorn-walk': [ '8.3.4' ],
27 silly audit   anymatch: [ '3.1.3' ],
27 silly audit   'append-field': [ '1.0.0' ],
27 silly audit   arg: [ '4.1.3' ],
27 silly audit   'array-flatten': [ '1.1.1' ],
27 silly audit   'balanced-match': [ '1.0.2' ],
27 silly audit   bcryptjs: [ '3.0.3' ],
27 silly audit   'binary-extensions': [ '2.3.0' ],
27 silly audit   'body-parser': [ '1.20.4' ],
27 silly audit   'brace-expansion': [ '1.1.12' ],
27 silly audit   braces: [ '3.0.3' ],
27 silly audit   bson: [ '6.10.4' ],
27 silly audit   'buffer-equal-constant-time': [ '1.0.1' ],
27 silly audit   'buffer-from': [ '1.1.2' ],
27 silly audit   busboy: [ '1.6.0' ],
27 silly audit   bytes: [ '3.1.2' ],
27 silly audit   'call-bind-apply-helpers': [ '1.0.2' ],
27 silly audit   'call-bound': [ '1.0.4' ],
27 silly audit   chokidar: [ '3.6.0' ],
27 silly audit   'concat-map': [ '0.0.1' ],
27 silly audit   'concat-stream': [ '2.0.0' ],
27 silly audit   'content-disposition': [ '0.5.4' ],
27 silly audit   'content-type': [ '1.0.5' ],
27 silly audit   cookie: [ '0.7.2' ],
27 silly audit   'cookie-signature': [ '1.0.7' ],
27 silly audit   cors: [ '2.8.5' ],
27 silly audit   'create-require': [ '1.1.1' ],
27 silly audit   debug: [ '2.6.9', '4.4.3' ],
27 silly audit   depd: [ '2.0.0' ],
27 silly audit   destroy: [ '1.2.0' ],
27 silly audit   diff: [ '4.0.2' ],
27 silly audit   dotenv: [ '16.6.1' ],
27 silly audit   'dunder-proto': [ '1.0.1' ],
27 silly audit   'dynamic-dedupe': [ '0.3.0' ],
27 silly audit   'ecdsa-sig-formatter': [ '1.0.11' ],
27 silly audit   'ee-first': [ '1.1.1' ],
27 silly audit   encodeurl: [ '2.0.0' ],
27 silly audit   'es-define-property': [ '1.0.1' ],
27 silly audit   'es-errors': [ '1.3.0' ],
27 silly audit   'es-object-atoms': [ '1.1.1' ],
27 silly audit   'escape-html': [ '1.0.3' ],
27 silly audit   etag: [ '1.8.1' ],
27 silly audit   express: [ '4.22.1' ],
27 silly audit   'fill-range': [ '7.1.1' ],
27 silly audit   finalhandler: [ '1.3.2' ],
27 silly audit   forwarded: [ '0.2.0' ],
27 silly audit   fresh: [ '0.5.2' ],
27 silly audit   'fs.realpath': [ '1.0.0' ],
27 silly audit   fsevents: [ '2.3.3' ],
27 silly audit   'function-bind': [ '1.1.2' ],
27 silly audit   'get-intrinsic': [ '1.3.0' ],
27 silly audit   'get-proto': [ '1.0.1' ],
27 silly audit   glob: [ '7.2.3' ],
27 silly audit   'glob-parent': [ '5.1.2' ],
27 silly audit   gopd: [ '1.2.0' ],
27 silly audit   'has-symbols': [ '1.1.0' ],
27 silly audit   hasown: [ '2.0.2' ],
27 silly audit   'http-errors': [ '2.0.1' ],
27 silly audit   'iconv-lite': [ '0.4.24' ],
27 silly audit   inflight: [ '1.0.6' ],
27 silly audit   inherits: [ '2.0.4' ],
27 silly audit   'ipaddr.js': [ '1.9.1' ],
27 silly audit   'is-binary-path': [ '2.1.0' ],
27 silly audit   'is-core-module': [ '2.16.1' ],
27 silly audit   'is-extglob': [ '2.1.1' ],
27 silly audit   'is-glob': [ '4.0.3' ],
27 silly audit   'is-number': [ '7.0.0' ],
27 silly audit   jsonwebtoken: [ '9.0.3' ],
27 silly audit   ms: [ '2.1.3', '2.0.0' ],
27 silly audit   jwa: [ '2.0.1' ],
27 silly audit   jws: [ '4.0.1' ],
27 silly audit   kareem: [ '2.6.3' ],
27 silly audit   'lodash.includes': [ '4.3.0' ],
27 silly audit   'lodash.isboolean': [ '3.0.3' ],
27 silly audit   'lodash.isinteger': [ '4.0.4' ],
27 silly audit   'lodash.isnumber': [ '3.0.3' ],
27 silly audit   'lodash.isplainobject': [ '4.0.6' ],
27 silly audit   'lodash.isstring': [ '4.0.1' ],
27 silly audit   'lodash.once': [ '4.1.1' ],
27 silly audit   'make-error': [ '1.3.6' ],
27 silly audit   'math-intrinsics': [ '1.1.0' ],
27 silly audit   'media-typer': [ '0.3.0' ],
27 silly audit   'memory-pager': [ '1.5.0' ],
27 silly audit   'merge-descriptors': [ '1.0.3' ],
27 silly audit   methods: [ '1.1.2' ],
27 silly audit   mime: [ '1.6.0' ],
27 silly audit   'mime-db': [ '1.52.0' ],
27 silly audit   'mime-types': [ '2.1.35' ],
27 silly audit   minimatch: [ '3.1.2' ],
27 silly audit   minimist: [ '1.2.8' ],
27 silly audit   mkdirp: [ '1.0.4', '0.5.6' ],
27 silly audit   mongodb: [ '6.20.0' ],
27 silly audit   'mongodb-connection-string-url': [ '3.0.2' ],
27 silly audit   mongoose: [ '8.21.0' ],
27 silly audit   mpath: [ '0.9.0' ],
27 silly audit   mquery: [ '5.0.0' ],
27 silly audit   multer: [ '2.0.2' ],
27 silly audit   negotiator: [ '0.6.3' ],
27 silly audit   'normalize-path': [ '3.0.0' ],
27 silly audit   'object-assign': [ '4.1.1' ],
27 silly audit   'object-inspect': [ '1.13.4' ],
27 silly audit   'on-finished': [ '2.4.1' ],
27 silly audit   once: [ '1.4.0' ],
27 silly audit   parseurl: [ '1.3.3' ],
27 silly audit   'path-is-absolute': [ '1.0.1' ],
27 silly audit   'path-parse': [ '1.0.7' ],
27 silly audit   'path-to-regexp': [ '0.1.12' ],
27 silly audit   picomatch: [ '2.3.1' ],
27 silly audit   'proxy-addr': [ '2.0.7' ],
27 silly audit   punycode: [ '2.3.1' ],
27 silly audit   qs: [ '6.14.1' ],
27 silly audit   'range-parser': [ '1.2.1' ],
27 silly audit   'raw-body': [ '2.5.3' ],
27 silly audit   'readable-stream': [ '3.6.2' ],
27 silly audit   readdirp: [ '3.6.0' ],
27 silly audit   resolve: [ '1.22.11' ],
27 silly audit   rimraf: [ '2.7.1' ],
27 silly audit   'safe-buffer': [ '5.2.1' ],
27 silly audit   'safer-buffer': [ '2.1.2' ],
27 silly audit   semver: [ '7.7.3' ],
27 silly audit   send: [ '0.19.2' ],
27 silly audit   'serve-static': [ '1.16.3' ],
27 silly audit   setprototypeof: [ '1.2.0' ],
27 silly audit   'side-channel': [ '1.1.0' ],
27 silly audit   'side-channel-list': [ '1.0.0' ],
27 silly audit   'side-channel-map': [ '1.0.1' ],
27 silly audit   'side-channel-weakmap': [ '1.0.2' ],
27 silly audit   sift: [ '17.1.3' ],
27 silly audit   'source-map': [ '0.6.1' ],
27 silly audit   'source-map-support': [ '0.5.21' ],
27 silly audit   'sparse-bitfield': [ '3.0.3' ],
27 silly audit   statuses: [ '2.0.2' ],
27 silly audit   streamsearch: [ '1.1.0' ],
27 silly audit   string_decoder: [ '1.3.0' ],
27 silly audit   'strip-bom': [ '3.0.0' ],
27 silly audit   'strip-json-comments': [ '2.0.1' ],
27 silly audit   'supports-preserve-symlinks-flag': [ '1.0.0' ],
27 silly audit   'to-regex-range': [ '5.0.1' ],
27 silly audit   toidentifier: [ '1.0.1' ],
27 silly audit   tr46: [ '5.1.1' ],
27 silly audit   'tree-kill': [ '1.2.2' ],
27 silly audit   'ts-node': [ '10.9.2' ],
27 silly audit   'ts-node-dev': [ '2.0.0' ],
27 silly audit   tsconfig: [ '7.0.0' ],
27 silly audit   'type-is': [ '1.6.18' ],
27 silly audit   typedarray: [ '0.0.6' ],
27 silly audit   typescript: [ '5.9.3' ],
27 silly audit   'undici-types': [ '6.21.0' ],
27 silly audit   unpipe: [ '1.0.0' ],
27 silly audit   'util-deprecate': [ '1.0.2' ],
27 silly audit   'utils-merge': [ '1.0.1' ],
27 silly audit   'v8-compile-cache-lib': [ '3.0.1' ],
27 silly audit   vary: [ '1.1.2' ],
27 silly audit   'webidl-conversions': [ '7.0.0' ],
27 silly audit   'whatwg-url': [ '14.2.0' ],
27 silly audit   wrappy: [ '1.0.2' ],
27 silly audit   xtend: [ '4.0.2' ],
27 silly audit   yn: [ '3.1.1' ],
27 silly audit   '@types/express': [ '4.17.25' ],
27 silly audit   '@types/node': [ '20.19.27' ]
27 silly audit }
28 http fetch POST 200 https://registry.npmjs.org/-/npm/v1/security/advisories/bulk 470ms
29 silly audit report {}
30 verbose cwd C:\Users\subha\OneDrive\Desktop\emperion\clean\emperion-backend
31 verbose os Windows_NT 10.0.26100
32 verbose node v24.12.0
33 verbose npm  v11.6.2
34 verbose exit 0
35 info ok
